# JRE version: OpenJDK Runtime Environment (21.0.6) (build 21.0.6+-13391695-b895.109)
# Java VM: OpenJDK 64-Bit Server VM (21.0.6+-13391695-b895.109, mixed mode, tiered, compressed oops, compressed class ptrs, g1 gc, windows-amd64)
GC Precious Log:
 CardTable entry size: 512
 Card Set container configuration: InlinePtr #cards 5 size 8 Array Of Cards #cards 12 size 40 Howl #buckets 4 coarsen threshold 1843 Howl Bitmap #cards 512 size 80 coarsen threshold 460 Card regions per heap region 1 cards per card region 2048
 CPUs: 16 total, 16 available
 Memory: 16010M
 Large Page Support: Disabled
 NUMA Support: Disabled
 Compressed Oops: Enabled (32-bit)
 Heap Region Size: 1M
 Heap Min Capacity: 8M
 Heap Initial Capacity: 252M
 Heap Max Capacity: 2G
 Pre-touch: Disabled
 Parallel Workers: 13
 Concurrent Workers: 3
 Concurrent Refinement Workers: 13
 Periodic GC: Disabled
Heap:
 garbage-first heap   total 294912K, used 204549K [0x0000000080000000, 0x0000000100000000)
  region size 1024K, 6 young (6144K), 6 survivors (6144K)
 Metaspace       used 66200K, committed 67776K, reserved 1114112K
  class space    used 8868K, committed 9664K, reserved 1048576K
GC Heap History (20 events):
Event: 6.313 GC heap after
{Heap after GC invocations=36 (full 0):
 garbage-first heap   total 229376K, used 96451K [0x0000000080000000, 0x0000000100000000)
  region size 1024K, 9 young (9216K), 9 survivors (9216K)
 Metaspace       used 65054K, committed 66624K, reserved 1114112K
  class space    used 8799K, committed 9600K, reserved 1048576K
}
Event: 6.717 GC heap before
{Heap before GC invocations=37 (full 0):
 garbage-first heap   total 229376K, used 208067K [0x0000000080000000, 0x0000000100000000)
  region size 1024K, 116 young (118784K), 9 survivors (9216K)
 Metaspace       used 65192K, committed 66752K, reserved 1114112K
  class space    used 8820K, committed 9600K, reserved 1048576K
}
Event: 6.719 GC heap after
{Heap after GC invocations=38 (full 0):
 garbage-first heap   total 229376K, used 92687K [0x0000000080000000, 0x0000000100000000)
  region size 1024K, 3 young (3072K), 3 survivors (3072K)
 Metaspace       used 65192K, committed 66752K, reserved 1114112K
  class space    used 8820K, committed 9600K, reserved 1048576K
}
Event: 6.925 GC heap before
{Heap before GC invocations=38 (full 0):
 garbage-first heap   total 229376K, used 214543K [0x0000000080000000, 0x0000000100000000)
  region size 1024K, 120 young (122880K), 3 survivors (3072K)
 Metaspace       used 65460K, committed 67072K, reserved 1114112K
  class space    used 8841K, committed 9664K, reserved 1048576K
}
Event: 6.927 GC heap after
{Heap after GC invocations=39 (full 0):
 garbage-first heap   total 229376K, used 91760K [0x0000000080000000, 0x0000000100000000)
  region size 1024K, 2 young (2048K), 2 survivors (2048K)
 Metaspace       used 65460K, committed 67072K, reserved 1114112K
  class space    used 8841K, committed 9664K, reserved 1048576K
}
Event: 7.122 GC heap before
{Heap before GC invocations=39 (full 0):
 garbage-first heap   total 229376K, used 214640K [0x0000000080000000, 0x0000000100000000)
  region size 1024K, 122 young (124928K), 2 survivors (2048K)
 Metaspace       used 65840K, committed 67456K, reserved 1114112K
  class space    used 8871K, committed 9664K, reserved 1048576K
}
Event: 7.125 GC heap after
{Heap after GC invocations=40 (full 0):
 garbage-first heap   total 229376K, used 95111K [0x0000000080000000, 0x0000000100000000)
  region size 1024K, 5 young (5120K), 5 survivors (5120K)
 Metaspace       used 65840K, committed 67456K, reserved 1114112K
  class space    used 8871K, committed 9664K, reserved 1048576K
}
Event: 7.247 GC heap before
{Heap before GC invocations=41 (full 0):
 garbage-first heap   total 229376K, used 210823K [0x0000000080000000, 0x0000000100000000)
  region size 1024K, 119 young (121856K), 5 survivors (5120K)
 Metaspace       used 65882K, committed 67456K, reserved 1114112K
  class space    used 8874K, committed 9664K, reserved 1048576K
}
Event: 7.250 GC heap after
{Heap after GC invocations=42 (full 0):
 garbage-first heap   total 229376K, used 100809K [0x0000000080000000, 0x0000000100000000)
  region size 1024K, 11 young (11264K), 11 survivors (11264K)
 Metaspace       used 65882K, committed 67456K, reserved 1114112K
  class space    used 8874K, committed 9664K, reserved 1048576K
}
Event: 7.342 GC heap before
{Heap before GC invocations=42 (full 0):
 garbage-first heap   total 229376K, used 205257K [0x0000000080000000, 0x0000000100000000)
  region size 1024K, 113 young (115712K), 11 survivors (11264K)
 Metaspace       used 65885K, committed 67456K, reserved 1114112K
  class space    used 8874K, committed 9664K, reserved 1048576K
}
Event: 7.346 GC heap after
{Heap after GC invocations=43 (full 0):
 garbage-first heap   total 275456K, used 106147K [0x0000000080000000, 0x0000000100000000)
  region size 1024K, 12 young (12288K), 12 survivors (12288K)
 Metaspace       used 65885K, committed 67456K, reserved 1114112K
  class space    used 8874K, committed 9664K, reserved 1048576K
}
Event: 7.489 GC heap before
{Heap before GC invocations=43 (full 0):
 garbage-first heap   total 275456K, used 247459K [0x0000000080000000, 0x0000000100000000)
  region size 1024K, 150 young (153600K), 12 survivors (12288K)
 Metaspace       used 65885K, committed 67456K, reserved 1114112K
  class space    used 8874K, committed 9664K, reserved 1048576K
}
Event: 7.494 GC heap after
{Heap after GC invocations=44 (full 0):
 garbage-first heap   total 275456K, used 114805K [0x0000000080000000, 0x0000000100000000)
  region size 1024K, 14 young (14336K), 14 survivors (14336K)
 Metaspace       used 65885K, committed 67456K, reserved 1114112K
  class space    used 8874K, committed 9664K, reserved 1048576K
}
Event: 7.510 GC heap before
{Heap before GC invocations=44 (full 0):
 garbage-first heap   total 275456K, used 126069K [0x0000000080000000, 0x0000000100000000)
  region size 1024K, 26 young (26624K), 14 survivors (14336K)
 Metaspace       used 65885K, committed 67456K, reserved 1114112K
  class space    used 8874K, committed 9664K, reserved 1048576K
}
Event: 7.514 GC heap after
{Heap after GC invocations=45 (full 0):
 garbage-first heap   total 275456K, used 123303K [0x0000000080000000, 0x0000000100000000)
  region size 1024K, 17 young (17408K), 17 survivors (17408K)
 Metaspace       used 65885K, committed 67456K, reserved 1114112K
  class space    used 8874K, committed 9664K, reserved 1048576K
}
Event: 7.675 GC heap before
{Heap before GC invocations=46 (full 0):
 garbage-first heap   total 275456K, used 221607K [0x0000000080000000, 0x0000000100000000)
  region size 1024K, 108 young (110592K), 17 survivors (17408K)
 Metaspace       used 66039K, committed 67648K, reserved 1114112K
  class space    used 8868K, committed 9664K, reserved 1048576K
}
Event: 7.695 GC heap after
{Heap after GC invocations=47 (full 0):
 garbage-first heap   total 294912K, used 184276K [0x0000000080000000, 0x0000000100000000)
  region size 1024K, 14 young (14336K), 14 survivors (14336K)
 Metaspace       used 66039K, committed 67648K, reserved 1114112K
  class space    used 8868K, committed 9664K, reserved 1048576K
}
Event: 7.747 GC heap before
{Heap before GC invocations=47 (full 0):
 garbage-first heap   total 294912K, used 240596K [0x0000000080000000, 0x0000000100000000)
  region size 1024K, 67 young (68608K), 14 survivors (14336K)
 Metaspace       used 66186K, committed 67776K, reserved 1114112K
  class space    used 8868K, committed 9664K, reserved 1048576K
}
Event: 7.754 GC heap after
{Heap after GC invocations=48 (full 0):
 garbage-first heap   total 294912K, used 198612K [0x0000000080000000, 0x0000000100000000)
  region size 1024K, 9 young (9216K), 9 survivors (9216K)
 Metaspace       used 66186K, committed 67776K, reserved 1114112K
  class space    used 8868K, committed 9664K, reserved 1048576K
}
Event: 7.790 GC heap before
{Heap before GC invocations=48 (full 0):
 garbage-first heap   total 294912K, used 247764K [0x0000000080000000, 0x0000000100000000)
  region size 1024K, 58 young (59392K), 9 survivors (9216K)
 Metaspace       used 66200K, committed 67776K, reserved 1114112K
  class space    used 8868K, committed 9664K, reserved 1048576K
}

